[  129466ms] [ERROR] WebSocket connection to 'ws://localhost:4000/phoenix/live_reload/socket/websocket?vsn=2.0.0' failed: Error in connection establishment: net::ERR_CONNECTION_REFUSED @ http://localhost:4000/phoenix/live_reload/frame:1310
[  129476ms] [ERROR] WebSocket connection to 'ws://localhost:4000/live/websocket?_csrf_token=ExIvWRdALwc3CDYDEAEwIWMWNQ8WDAABgwc4C6EEQIaVulhGPLDFojgO&&vsn=2.0.0' failed: Error in connection establishment: net::ERR_CONNECTION_REFUSED @ http://localhost:4000/dev/dashboard/js-669823aac07d1ded678aefd07d7a5757:1307
[  129519ms] [ERROR] WebSocket connection to 'ws://localhost:4000/phoenix/live_reload/socket/websocket?vsn=2.0.0' failed: Error in connection establishment: net::ERR_CONNECTION_REFUSED @ http://localhost:4000/phoenix/live_reload/frame:1310
[  129529ms] [ERROR] WebSocket connection to 'ws://localhost:4000/live/websocket?_csrf_token=ExIvWRdALwc3CDYDEAEwIWMWNQ8WDAABgwc4C6EEQIaVulhGPLDFojgO&&vsn=2.0.0' failed: Error in connection establishment: net::ERR_CONNECTION_REFUSED @ http://localhost:4000/dev/dashboard/js-669823aac07d1ded678aefd07d7a5757:1307
[  129621ms] [ERROR] WebSocket connection to 'ws://localhost:4000/phoenix/live_reload/socket/websocket?vsn=2.0.0' failed: Error in connection establishment: net::ERR_CONNECTION_REFUSED @ http://localhost:4000/phoenix/live_reload/frame:1310
[  129631ms] [ERROR] WebSocket connection to 'ws://localhost:4000/live/websocket?_csrf_token=ExIvWRdALwc3CDYDEAEwIWMWNQ8WDAABgwc4C6EEQIaVulhGPLDFojgO&&vsn=2.0.0' failed: Error in connection establishment: net::ERR_CONNECTION_REFUSED @ http://localhost:4000/dev/dashboard/js-669823aac07d1ded678aefd07d7a5757:1307
[  129774ms] [ERROR] WebSocket connection to 'ws://localhost:4000/phoenix/live_reload/socket/websocket?vsn=2.0.0' failed: Error in connection establishment: net::ERR_CONNECTION_REFUSED @ http://localhost:4000/phoenix/live_reload/frame:1310
[  129784ms] [ERROR] WebSocket connection to 'ws://localhost:4000/live/websocket?_csrf_token=ExIvWRdALwc3CDYDEAEwIWMWNQ8WDAABgwc4C6EEQIaVulhGPLDFojgO&&vsn=2.0.0' failed: Error in connection establishment: net::ERR_CONNECTION_REFUSED @ http://localhost:4000/dev/dashboard/js-669823aac07d1ded678aefd07d7a5757:1307
[  129975ms] [ERROR] WebSocket connection to 'ws://localhost:4000/phoenix/live_reload/socket/websocket?vsn=2.0.0' failed: Error in connection establishment: net::ERR_CONNECTION_REFUSED @ http://localhost:4000/phoenix/live_reload/frame:1310
[  129986ms] [ERROR] WebSocket connection to 'ws://localhost:4000/live/websocket?_csrf_token=ExIvWRdALwc3CDYDEAEwIWMWNQ8WDAABgwc4C6EEQIaVulhGPLDFojgO&&vsn=2.0.0' failed: Error in connection establishment: net::ERR_CONNECTION_REFUSED @ http://localhost:4000/dev/dashboard/js-669823aac07d1ded678aefd07d7a5757:1307
[  130227ms] [ERROR] WebSocket connection to 'ws://localhost:4000/phoenix/live_reload/socket/websocket?vsn=2.0.0' failed: Error in connection establishment: net::ERR_CONNECTION_REFUSED @ http://localhost:4000/phoenix/live_reload/frame:1310
[  130239ms] [ERROR] WebSocket connection to 'ws://localhost:4000/live/websocket?_csrf_token=ExIvWRdALwc3CDYDEAEwIWMWNQ8WDAABgwc4C6EEQIaVulhGPLDFojgO&&vsn=2.0.0' failed: Error in connection establishment: net::ERR_CONNECTION_REFUSED @ http://localhost:4000/dev/dashboard/js-669823aac07d1ded678aefd07d7a5757:1307
[  130730ms] [ERROR] WebSocket connection to 'ws://localhost:4000/phoenix/live_reload/socket/websocket?vsn=2.0.0' failed: Error in connection establishment: net::ERR_CONNECTION_REFUSED @ http://localhost:4000/phoenix/live_reload/frame:1310
[  130743ms] [ERROR] WebSocket connection to 'ws://localhost:4000/live/websocket?_csrf_token=ExIvWRdALwc3CDYDEAEwIWMWNQ8WDAABgwc4C6EEQIaVulhGPLDFojgO&&vsn=2.0.0' failed: Error in connection establishment: net::ERR_CONNECTION_REFUSED @ http://localhost:4000/dev/dashboard/js-669823aac07d1ded678aefd07d7a5757:1307
[  131733ms] [ERROR] WebSocket connection to 'ws://localhost:4000/phoenix/live_reload/socket/websocket?vsn=2.0.0' failed: Error in connection establishment: net::ERR_CONNECTION_REFUSED @ http://localhost:4000/phoenix/live_reload/frame:1310
[  131747ms] [ERROR] WebSocket connection to 'ws://localhost:4000/live/websocket?_csrf_token=ExIvWRdALwc3CDYDEAEwIWMWNQ8WDAABgwc4C6EEQIaVulhGPLDFojgO&&vsn=2.0.0' failed: Error in connection establishment: net::ERR_CONNECTION_REFUSED @ http://localhost:4000/dev/dashboard/js-669823aac07d1ded678aefd07d7a5757:1307
[  133739ms] [ERROR] WebSocket connection to 'ws://localhost:4000/phoenix/live_reload/socket/websocket?vsn=2.0.0' failed: Error in connection establishment: net::ERR_CONNECTION_REFUSED @ http://localhost:4000/phoenix/live_reload/frame:1310
[  133749ms] [ERROR] WebSocket connection to 'ws://localhost:4000/live/websocket?_csrf_token=ExIvWRdALwc3CDYDEAEwIWMWNQ8WDAABgwc4C6EEQIaVulhGPLDFojgO&&vsn=2.0.0' failed: Error in connection establishment: net::ERR_CONNECTION_REFUSED @ http://localhost:4000/dev/dashboard/js-669823aac07d1ded678aefd07d7a5757:1307
[  138745ms] [ERROR] WebSocket connection to 'ws://localhost:4000/phoenix/live_reload/socket/websocket?vsn=2.0.0' failed: Error in connection establishment: net::ERR_CONNECTION_REFUSED @ http://localhost:4000/phoenix/live_reload/frame:1310
[  138759ms] [ERROR] WebSocket connection to 'ws://localhost:4000/live/websocket?_csrf_token=ExIvWRdALwc3CDYDEAEwIWMWNQ8WDAABgwc4C6EEQIaVulhGPLDFojgO&&vsn=2.0.0' failed: Error in connection establishment: net::ERR_CONNECTION_REFUSED @ http://localhost:4000/dev/dashboard/js-669823aac07d1ded678aefd07d7a5757:1307
[  703700ms] [ERROR] WebSocket connection to 'ws://localhost:4000/phoenix/live_reload/socket/websocket?vsn=2.0.0' failed: Error in connection establishment: net::ERR_CONNECTION_REFUSED @ http://localhost:4000/phoenix/live_reload/frame:1310
[  703711ms] [ERROR] WebSocket connection to 'ws://localhost:4000/live/websocket?_csrf_token=OC8pOBAMA3UqLAZtKDQPE382JyhOFhAGLJeUDzi7LmQ8MYWuLlVa7pwH&&vsn=2.0.0' failed: Error in connection establishment: net::ERR_CONNECTION_REFUSED @ http://localhost:4000/dev/dashboard/js-669823aac07d1ded678aefd07d7a5757:1307
[  703753ms] [ERROR] WebSocket connection to 'ws://localhost:4000/phoenix/live_reload/socket/websocket?vsn=2.0.0' failed: Error in connection establishment: net::ERR_CONNECTION_REFUSED @ http://localhost:4000/phoenix/live_reload/frame:1310
[  703765ms] [ERROR] WebSocket connection to 'ws://localhost:4000/live/websocket?_csrf_token=OC8pOBAMA3UqLAZtKDQPE382JyhOFhAGLJeUDzi7LmQ8MYWuLlVa7pwH&&vsn=2.0.0' failed: Error in connection establishment: net::ERR_CONNECTION_REFUSED @ http://localhost:4000/dev/dashboard/js-669823aac07d1ded678aefd07d7a5757:1307
[  703854ms] [ERROR] WebSocket connection to 'ws://localhost:4000/phoenix/live_reload/socket/websocket?vsn=2.0.0' failed: Error in connection establishment: net::ERR_CONNECTION_REFUSED @ http://localhost:4000/phoenix/live_reload/frame:1310
[  703869ms] [ERROR] WebSocket connection to 'ws://localhost:4000/live/websocket?_csrf_token=OC8pOBAMA3UqLAZtKDQPE382JyhOFhAGLJeUDzi7LmQ8MYWuLlVa7pwH&&vsn=2.0.0' failed: Error in connection establishment: net::ERR_CONNECTION_REFUSED @ http://localhost:4000/dev/dashboard/js-669823aac07d1ded678aefd07d7a5757:1307
[  704017ms] [ERROR] WebSocket connection to 'ws://localhost:4000/phoenix/live_reload/socket/websocket?vsn=2.0.0' failed: Error in connection establishment: net::ERR_CONNECTION_REFUSED @ http://localhost:4000/phoenix/live_reload/frame:1310
[  704033ms] [ERROR] WebSocket connection to 'ws://localhost:4000/live/websocket?_csrf_token=OC8pOBAMA3UqLAZtKDQPE382JyhOFhAGLJeUDzi7LmQ8MYWuLlVa7pwH&&vsn=2.0.0' failed: Error in connection establishment: net::ERR_CONNECTION_REFUSED @ http://localhost:4000/dev/dashboard/js-669823aac07d1ded678aefd07d7a5757:1307
[  704244ms] [ERROR] WebSocket connection to 'ws://localhost:4000/phoenix/live_reload/socket/websocket?vsn=2.0.0' failed: Error in connection establishment: net::ERR_CONNECTION_REFUSED @ http://localhost:4000/phoenix/live_reload/frame:1310
[  704283ms] [ERROR] WebSocket connection to 'ws://localhost:4000/live/websocket?_csrf_token=OC8pOBAMA3UqLAZtKDQPE382JyhOFhAGLJeUDzi7LmQ8MYWuLlVa7pwH&&vsn=2.0.0' failed: Error in connection establishment: net::ERR_CONNECTION_REFUSED @ http://localhost:4000/dev/dashboard/js-669823aac07d1ded678aefd07d7a5757:1307
[  704626ms] [ERROR] WebSocket connection to 'ws://localhost:4000/phoenix/live_reload/socket/websocket?vsn=2.0.0' failed: Error in connection establishment: net::ERR_CONNECTION_REFUSED @ http://localhost:4000/phoenix/live_reload/frame:1310
[  704729ms] [ERROR] WebSocket connection to 'ws://localhost:4000/live/websocket?_csrf_token=OC8pOBAMA3UqLAZtKDQPE382JyhOFhAGLJeUDzi7LmQ8MYWuLlVa7pwH&&vsn=2.0.0' failed: Error in connection establishment: net::ERR_CONNECTION_REFUSED @ http://localhost:4000/dev/dashboard/js-669823aac07d1ded678aefd07d7a5757:1307
[  705476ms] [ERROR] WebSocket connection to 'ws://localhost:4000/phoenix/live_reload/socket/websocket?vsn=2.0.0' failed: Error in connection establishment: net::ERR_CONNECTION_REFUSED @ http://localhost:4000/phoenix/live_reload/frame:1310
[  705779ms] [ERROR] WebSocket connection to 'ws://localhost:4000/live/websocket?_csrf_token=OC8pOBAMA3UqLAZtKDQPE382JyhOFhAGLJeUDzi7LmQ8MYWuLlVa7pwH&&vsn=2.0.0' failed: Error in connection establishment: net::ERR_CONNECTION_REFUSED @ http://localhost:4000/dev/dashboard/js-669823aac07d1ded678aefd07d7a5757:1307
[  707176ms] [ERROR] WebSocket connection to 'ws://localhost:4000/phoenix/live_reload/socket/websocket?vsn=2.0.0' failed: Error in connection establishment: net::ERR_CONNECTION_REFUSED @ http://localhost:4000/phoenix/live_reload/frame:1310
[  973321ms] [ERROR] WebSocket connection to 'ws://localhost:4000/live/websocket?_csrf_token=MBA9Hzk4Hg4MBhBtHD88PwUoRRBOHCF_DuqrmNtLjGG8yRdY6r4Y7zF1&&vsn=2.0.0' failed: Error in connection establishment: net::ERR_CONNECTION_REFUSED @ http://localhost:4000/dev/dashboard/js-669823aac07d1ded678aefd07d7a5757:1307
[  973334ms] [ERROR] WebSocket connection to 'ws://localhost:4000/phoenix/live_reload/socket/websocket?vsn=2.0.0' failed: Error in connection establishment: net::ERR_CONNECTION_REFUSED @ http://localhost:4000/phoenix/live_reload/frame:1310
[  973374ms] [ERROR] WebSocket connection to 'ws://localhost:4000/live/websocket?_csrf_token=MBA9Hzk4Hg4MBhBtHD88PwUoRRBOHCF_DuqrmNtLjGG8yRdY6r4Y7zF1&&vsn=2.0.0' failed: Error in connection establishment: net::ERR_CONNECTION_REFUSED @ http://localhost:4000/dev/dashboard/js-669823aac07d1ded678aefd07d7a5757:1307
[  973385ms] [ERROR] WebSocket connection to 'ws://localhost:4000/phoenix/live_reload/socket/websocket?vsn=2.0.0' failed: Error in connection establishment: net::ERR_CONNECTION_REFUSED @ http://localhost:4000/phoenix/live_reload/frame:1310
[  973477ms] [ERROR] WebSocket connection to 'ws://localhost:4000/live/websocket?_csrf_token=MBA9Hzk4Hg4MBhBtHD88PwUoRRBOHCF_DuqrmNtLjGG8yRdY6r4Y7zF1&&vsn=2.0.0' failed: Error in connection establishment: net::ERR_CONNECTION_REFUSED @ http://localhost:4000/dev/dashboard/js-669823aac07d1ded678aefd07d7a5757:1307
[  973489ms] [ERROR] WebSocket connection to 'ws://localhost:4000/phoenix/live_reload/socket/websocket?vsn=2.0.0' failed: Error in connection establishment: net::ERR_CONNECTION_REFUSED @ http://localhost:4000/phoenix/live_reload/frame:1310
[  973634ms] [ERROR] WebSocket connection to 'ws://localhost:4000/live/websocket?_csrf_token=MBA9Hzk4Hg4MBhBtHD88PwUoRRBOHCF_DuqrmNtLjGG8yRdY6r4Y7zF1&&vsn=2.0.0' failed: Error in connection establishment: net::ERR_CONNECTION_REFUSED @ http://localhost:4000/dev/dashboard/js-669823aac07d1ded678aefd07d7a5757:1307
[  973652ms] [ERROR] WebSocket connection to 'ws://localhost:4000/phoenix/live_reload/socket/websocket?vsn=2.0.0' failed: Error in connection establishment: net::ERR_CONNECTION_REFUSED @ http://localhost:4000/phoenix/live_reload/frame:1310
[  973847ms] [ERROR] WebSocket connection to 'ws://localhost:4000/live/websocket?_csrf_token=MBA9Hzk4Hg4MBhBtHD88PwUoRRBOHCF_DuqrmNtLjGG8yRdY6r4Y7zF1&&vsn=2.0.0' failed: Error in connection establishment: net::ERR_CONNECTION_REFUSED @ http://localhost:4000/dev/dashboard/js-669823aac07d1ded678aefd07d7a5757:1307
[  973897ms] [ERROR] WebSocket connection to 'ws://localhost:4000/phoenix/live_reload/socket/websocket?vsn=2.0.0' failed: Error in connection establishment: net::ERR_CONNECTION_REFUSED @ http://localhost:4000/phoenix/live_reload/frame:1310
[  974211ms] [ERROR] WebSocket connection to 'ws://localhost:4000/live/websocket?_csrf_token=MBA9Hzk4Hg4MBhBtHD88PwUoRRBOHCF_DuqrmNtLjGG8yRdY6r4Y7zF1&&vsn=2.0.0' failed: Error in connection establishment: net::ERR_CONNECTION_REFUSED @ http://localhost:4000/dev/dashboard/js-669823aac07d1ded678aefd07d7a5757:1307
[  974222ms] [ERROR] WebSocket connection to 'ws://localhost:4000/phoenix/live_reload/socket/websocket?vsn=2.0.0' failed: Error in connection establishment: net::ERR_CONNECTION_REFUSED @ http://localhost:4000/phoenix/live_reload/frame:1310
[  975121ms] [ERROR] WebSocket connection to 'ws://localhost:4000/live/websocket?_csrf_token=MBA9Hzk4Hg4MBhBtHD88PwUoRRBOHCF_DuqrmNtLjGG8yRdY6r4Y7zF1&&vsn=2.0.0' failed: Error in connection establishment: net::ERR_CONNECTION_REFUSED @ http://localhost:4000/dev/dashboard/js-669823aac07d1ded678aefd07d7a5757:1307
[  975663ms] [ERROR] WebSocket connection to 'ws://localhost:4000/phoenix/live_reload/socket/websocket?vsn=2.0.0' failed: Error in connection establishment: net::ERR_CONNECTION_REFUSED @ http://localhost:4000/phoenix/live_reload/frame:1310
[  977063ms] [ERROR] WebSocket connection to 'ws://localhost:4000/live/websocket?_csrf_token=MBA9Hzk4Hg4MBhBtHD88PwUoRRBOHCF_DuqrmNtLjGG8yRdY6r4Y7zF1&&vsn=2.0.0' failed: Error in connection establishment: net::ERR_CONNECTION_REFUSED @ http://localhost:4000/dev/dashboard/js-669823aac07d1ded678aefd07d7a5757:1307
[ 1440998ms] [ERROR] WebSocket connection to 'ws://localhost:4000/live/websocket?_csrf_token=AzR1Cg4cGwk_cB1kDQ43FHkfMxAwEjYDwQ9gZjqKY1J1hcorJEBYItQM&&vsn=2.0.0' failed: Error in connection establishment: net::ERR_CONNECTION_REFUSED @ http://localhost:4000/dev/dashboard/js-669823aac07d1ded678aefd07d7a5757:1307
[ 1441011ms] [ERROR] WebSocket connection to 'ws://localhost:4000/phoenix/live_reload/socket/websocket?vsn=2.0.0' failed: Error in connection establishment: net::ERR_CONNECTION_REFUSED @ http://localhost:4000/phoenix/live_reload/frame:1310
[ 1441050ms] [ERROR] WebSocket connection to 'ws://localhost:4000/live/websocket?_csrf_token=AzR1Cg4cGwk_cB1kDQ43FHkfMxAwEjYDwQ9gZjqKY1J1hcorJEBYItQM&&vsn=2.0.0' failed: Error in connection establishment: net::ERR_CONNECTION_REFUSED @ http://localhost:4000/dev/dashboard/js-669823aac07d1ded678aefd07d7a5757:1307
[ 1441063ms] [ERROR] WebSocket connection to 'ws://localhost:4000/phoenix/live_reload/socket/websocket?vsn=2.0.0' failed: Error in connection establishment: net::ERR_CONNECTION_REFUSED @ http://localhost:4000/phoenix/live_reload/frame:1310
[ 1441154ms] [ERROR] WebSocket connection to 'ws://localhost:4000/live/websocket?_csrf_token=AzR1Cg4cGwk_cB1kDQ43FHkfMxAwEjYDwQ9gZjqKY1J1hcorJEBYItQM&&vsn=2.0.0' failed: Error in connection establishment: net::ERR_CONNECTION_REFUSED @ http://localhost:4000/dev/dashboard/js-669823aac07d1ded678aefd07d7a5757:1307
[ 1441170ms] [ERROR] WebSocket connection to 'ws://localhost:4000/phoenix/live_reload/socket/websocket?vsn=2.0.0' failed: Error in connection establishment: net::ERR_CONNECTION_REFUSED @ http://localhost:4000/phoenix/live_reload/frame:1310
[ 1441311ms] [ERROR] WebSocket connection to 'ws://localhost:4000/live/websocket?_csrf_token=AzR1Cg4cGwk_cB1kDQ43FHkfMxAwEjYDwQ9gZjqKY1J1hcorJEBYItQM&&vsn=2.0.0' failed: Error in connection establishment: net::ERR_CONNECTION_REFUSED @ http://localhost:4000/dev/dashboard/js-669823aac07d1ded678aefd07d7a5757:1307
[ 1441341ms] [ERROR] WebSocket connection to 'ws://localhost:4000/phoenix/live_reload/socket/websocket?vsn=2.0.0' failed: Error in connection establishment: net::ERR_CONNECTION_REFUSED @ http://localhost:4000/phoenix/live_reload/frame:1310
[ 1441533ms] [ERROR] WebSocket connection to 'ws://localhost:4000/live/websocket?_csrf_token=AzR1Cg4cGwk_cB1kDQ43FHkfMxAwEjYDwQ9gZjqKY1J1hcorJEBYItQM&&vsn=2.0.0' failed: Error in connection establishment: net::ERR_CONNECTION_REFUSED @ http://localhost:4000/dev/dashboard/js-669823aac07d1ded678aefd07d7a5757:1307
[ 1441614ms] [ERROR] WebSocket connection to 'ws://localhost:4000/phoenix/live_reload/socket/websocket?vsn=2.0.0' failed: Error in connection establishment: net::ERR_CONNECTION_REFUSED @ http://localhost:4000/phoenix/live_reload/frame:1310
[ 1441904ms] [ERROR] WebSocket connection to 'ws://localhost:4000/live/websocket?_csrf_token=AzR1Cg4cGwk_cB1kDQ43FHkfMxAwEjYDwQ9gZjqKY1J1hcorJEBYItQM&&vsn=2.0.0' failed: Error in connection establishment: net::ERR_CONNECTION_REFUSED @ http://localhost:4000/dev/dashboard/js-669823aac07d1ded678aefd07d7a5757:1307
[ 1442029ms] [ERROR] WebSocket connection to 'ws://localhost:4000/phoenix/live_reload/socket/websocket?vsn=2.0.0' failed: Error in connection establishment: net::ERR_CONNECTION_REFUSED @ http://localhost:4000/phoenix/live_reload/frame:1310
[ 1442689ms] [ERROR] WebSocket connection to 'ws://localhost:4000/live/websocket?_csrf_token=AzR1Cg4cGwk_cB1kDQ43FHkfMxAwEjYDwQ9gZjqKY1J1hcorJEBYItQM&&vsn=2.0.0' failed: Error in connection establishment: net::ERR_CONNECTION_REFUSED @ http://localhost:4000/dev/dashboard/js-669823aac07d1ded678aefd07d7a5757:1307
[ 1442785ms] [ERROR] WebSocket connection to 'ws://localhost:4000/phoenix/live_reload/socket/websocket?vsn=2.0.0' failed: Error in connection establishment: net::ERR_CONNECTION_REFUSED @ http://localhost:4000/phoenix/live_reload/frame:1310
[ 1444445ms] [ERROR] WebSocket connection to 'ws://localhost:4000/live/websocket?_csrf_token=AzR1Cg4cGwk_cB1kDQ43FHkfMxAwEjYDwQ9gZjqKY1J1hcorJEBYItQM&&vsn=2.0.0' failed: Error in connection establishment: net::ERR_CONNECTION_REFUSED @ http://localhost:4000/dev/dashboard/js-669823aac07d1ded678aefd07d7a5757:1307
[ 1446230ms] [ERROR] WebSocket connection to 'ws://localhost:4000/phoenix/live_reload/socket/websocket?vsn=2.0.0' failed: Error in connection establishment: net::ERR_CONNECTION_REFUSED @ http://localhost:4000/phoenix/live_reload/frame:1310
